--[Debug]--2018/12/10 02:22:24 /Users/ZhuangXiaoDa/open-work/letGoJob/src/main.go:22: A debug message here
--[Debug]--2018/12/10 02:22:55 A debug message here
--[Debug]--2018/12/10 02:38:47 A debug message here
--[Debug]--2018/12/10 02:54:01 A debug message here
--[Debug]--2018/12/10 02:55:22 A debug message here
--[Debug]--2018/12/10 02:55:23 {0 true  {{[{北京 [中关村 万泉河 苏州街] 苏州超块链信息科技有限公司 [区块链 互联网 全球化发展 科技研发] 超块链 15-50人 2018-12-10 02:35:30 海淀区 本科 A轮 开发|测试|运维类 移动互联网,区块链 [移动互联网 通信/网络设备 系统架构] 全职 39.980791 116.308511 行业先驱,国际化,技术大牛,美女多 4020429 [移动互联网 通信/网络设备 系统架构] 高级工程师-C++ 20k-40k 高端技术职位 海淀黄庄 10号线 4号线大兴线_海淀黄庄;4号线大兴线_中关村;4号线大兴线_北京大学东门;10号线_苏州街;10号线_海淀黄庄 5-10年} {北京 [苏州街] 北京拉勾网络技术有限公司 [五险一金 弹性工作 带薪年假 免费两餐] 拉勾网 500-2000人 2018-12-10 02:28:54 海淀区 本科 D轮及以上 综合职能|高级管理 企业服务,招聘 [] 全职 39.982128 116.307747 充分授权,搭建体系,赋能业务,极致的伙伴 5157070 [组织发展（OD）] 销售培训经理 15k-20k 人力资源 海淀黄庄 10号线 4号线大兴线_海淀黄庄;4号线大兴线_中关村;4号线大兴线_北京大学东门;10号线_苏州街;10号线_海淀黄庄 3-5年} {北京 [朝外 东大桥 呼家楼] 指尖翻动（北京）科技有限公司 [扁平管理 顶尖团队 股票期权 国际化] Flipboard 50-150人 2018-12-10 01:22:59 朝阳区 本科 A轮 运营|编辑|客服类 移动互联网,文化娱乐 [] 全职 39.921635 116.452766 交通便利,氛围好,优质平台,福利好 4792783 [运营 用户] 内容合作岗位JD 8k-16k 运营 呼家楼 10号线 1号线_永安里;6号线_呼家楼;6号线_东大桥;10号线_呼家楼;10号线_金台夕照 1-3年} {北京 [CBD 建外大街 国贸] 杭州大开眼界科技有限公司 [年底双薪 定期体检 区块链 虚拟货币] 大开眼界 15-50人 2018-12-10 01:10:58 朝阳区 本科 不需要融资 开发|测试|运维类 移动互联网,数据服务 [金融 教育 Android] 全职 39.904882 116.458885 福利好,待遇佳 5407422 [金融 教育 Android] 资深安卓工程师 30k-40k 移动前端开发 大望路 10号线 1号线_永安里;1号线_国贸;1号线_大望路;10号线_金台夕照;10号线_国贸;10号线_双井;14号线东段_大望路 1-3年} {北京 [建国门] 武汉微思敦网络技术有限公司 [五险一金 绩效奖金 交通补助 通讯津贴] 微思敦 50-150人 2018-12-10 00:42:59 朝阳区 大专 不需要融资 市场|商务|销售类 移动互联网,广告营销 [广告营销 广告销售 商务拓展 销售顾问] 全职 39.913524 116.452731 领导nice  出国旅游 5145078 [广告营销 广告销售 商务拓展 销售顾问] 销售 10k-20k 销售 国贸 10号线 1号线_永安里;1号线_国贸;6号线_呼家楼;6号线_东大桥;10号线_呼家楼;10号线_金台夕照;10号线_国贸 1-3年} {北京 [亚运村] 北京高域海汇科技有限公司 [""] 高域海汇 50-150人 2018-12-10 00:37:10 朝阳区 本科 不需要融资 开发|测试|运维类 移动互联网 [] 全职 116.381643 39.980434 核心业务,行业大牛,弹性作息 5015981 [NLP Flink] 爬虫工程师 10k-20k 数据开发    1-3年} {北京 [天通苑] 北京医来伸手健康管理有限公司 [] 北京医来伸手健康管理有限公司 150-500人 2018-12-10 00:26:06 昌平区 不限 上市公司 综合职能|高级管理 医疗健康 [] 全职 40.079366 116.407001 包吃,包住,扁平化管理,月三次聚餐 5251469 [] 文员资料档案 3k-5k 行政 天通苑北 5号线 5号线_天通苑;5号线_天通苑北 不限} {北京 [远大路 万柳 世纪城] 上海风创信息咨询有限公司 [节日礼物 年底双薪 绩效奖金 定期体检] 海风教育 2000人以上 2018-12-10 00:24:52 海淀区 本科 C轮 教育|培训 教育 [教育] 兼职 39.959912 116.298056 绩效奖金,在家办公 5407408 [教育] 兼职教师（北京） 2k-4k 教师 长春桥 10号线 10号线_车道沟;10号线_长春桥;10号线_火器营 应届毕业生} {北京 [] 北京字节跳动科技有限公司 [扁平管理 弹性工作 大厨定制三餐 就近租房补贴] 字节跳动 2000人以上 2018-12-10 00:22:10 海淀区 本科 C轮 运营|编辑|客服类 移动互联网,数据服务 [] 全职 39.974955 39.974955 六险一金，弹性工作，免费三餐，租房补贴 5407407 [] 短视频产品运营 15k-20k 运营    1-3年} {北京 [五道口 学院路 中关村] 北京多禾聚元科技有限公司 [年底双薪 绩效奖金 带薪年假 五险一金] 多禾聚元 15-50人 2018-12-10 00:21:04 海淀区 不限 天使轮 运营|编辑|客服类 移动互联网,社交网络 [] 全职 39.990434 116.338653 五险一金,绩效奖金,弹性时间,绩效奖金 4745924 [] 高级用户增长运营经理 15k-25k 运营 五道口 15号线 13号线_五道口;15号线_清华东路西口 3-5年} {北京 [中关村 北京大学 知春路] 江西斜杠网络科技有限公司 [年底双薪 带薪年假 股票期权 年终分红] 妈妈应用 15-50人 2018-12-10 00:08:21 海淀区 本科 未融资 综合职能|高级管理 移动互联网,分类信息 [移动互联网 人力资源规划 领导力 创业 集团公司经营] 全职 39.98294 116.319802 寒暑假,季度旅游,双休,期权 5160241 [移动互联网 人力资源规划 领导力 创业 集团公司经营] 人力资源总监（合伙人） 10k-20k 高端综合职能职位 海淀黄庄 10号线 4号线大兴线_海淀黄庄;4号线大兴线_中关村;4号线大兴线_北京大学东门;10号线_苏州街;10号线_海淀黄庄;10号线_知春里 不限} {北京 [牡丹园 北太平庄 健翔桥] 深圳市卡南科技有限公司 [股票期权 弹性工作 美女多 领导好] 卡南科技 50-150人 2018-12-10 00:05:44 海淀区 不限 未融资 设计类 移动互联网 [] 全职 39.98020743 116.36889962 免费零食、饮料供应、16薪 1968573 [] 资深UI设计师 20k-35k 视觉 西土城 10号线 10号线_西土城;10号线_牡丹园;10号线_健德门 3-5年} {北京 [上地 马连洼 西二旗] 车好多旧机动车经纪(北京)有限公司 [带薪年假 弹性工作 免费班车 美女多] 瓜子二手车直卖网 2000人以上 2018-12-10 00:05:06 海淀区 本科 C轮 开发|测试|运维类 O2O [硬件制造 汽车 人工智能] 全职 40.043116 116.299936 全新业务、行业大牛 5273966 [硬件制造 汽车 人工智能] 机器人工程师 30k-50k 人工智能 西二旗 昌平线 13号线_西二旗;昌平线_西二旗 3-5年} {北京 [] 平安健康保险股份有限公司 [] 平安健康保险 500-2000人 2018-12-10 00:00:09 朝阳区 本科 未融资 开发|测试|运维类 金融,其他 [] 实习 39.94985 116.45934 平安集团,500强 4703807 [] Android 工程师（实习生招聘） 3k-5k 移动前端开发 枣营 10号线 10号线_三元桥;10号线_亮马桥;10号线_农业展览馆;14号线东段_枣营;机场线_三元桥 不限} {北京 [望京] 平安城市建设科技（深圳）有限公司 [节日礼物 技能培训 绩效奖金 岗位晋升] 平安城科 500-2000人 2018-12-10 00:00:05 朝阳区 本科 上市公司 产品|需求|项目类 电子商务 [企业服务 移动互联网 产品设计 需求分析 项目管理 结构设计] 全职 40.002852 116.488667 五险一金,年底双薪,绩效奖金,采暖补贴 5403626 [企业服务 移动互联网 产品设计 需求分析 项目管理 结构设计] 2911BE-产品支持岗 10k-20k 产品经理 望京东 15号线 15号线_望京东 3-5年}] 83514} 1 15}}
--[Debug]--2018/12/10 02:58:14 A debug message here
--[Debug]--2018/12/10 02:58:15 0
--[Debug]--2018/12/10 02:58:15 1
--[Debug]--2018/12/10 02:58:15 2
--[Debug]--2018/12/10 02:58:15 3
--[Debug]--2018/12/10 02:58:15 4
--[Debug]--2018/12/10 02:58:15 5
--[Debug]--2018/12/10 02:58:15 6
--[Debug]--2018/12/10 02:58:15 7
--[Debug]--2018/12/10 02:58:15 8
--[Debug]--2018/12/10 02:58:15 9
--[Debug]--2018/12/10 02:58:15 10
--[Debug]--2018/12/10 02:58:15 11
--[Debug]--2018/12/10 02:58:15 12
--[Debug]--2018/12/10 02:58:15 13
--[Debug]--2018/12/10 02:58:15 14
--[Debug]--2018/12/10 02:58:28 A debug message here
--[Debug]--2018/12/10 02:59:04 A debug message here
--[Debug]--2018/12/10 02:59:06 {北京 [中关村 万泉河 苏州街] 苏州超块链信息科技有限公司 [区块链 互联网 全球化发展 科技研发] 超块链 15-50人 2018-12-10 02:35:30 海淀区 本科 A轮 开发|测试|运维类 移动互联网,区块链 [移动互联网 通信/网络设备 系统架构] 全职 39.980791 116.308511 行业先驱,国际化,技术大牛,美女多 4020429 [移动互联网 通信/网络设备 系统架构] 高级工程师-C++ 20k-40k 高端技术职位 海淀黄庄 10号线 4号线大兴线_海淀黄庄;4号线大兴线_中关村;4号线大兴线_北京大学东门;10号线_苏州街;10号线_海淀黄庄 5-10年}
--[Debug]--2018/12/10 02:59:06 {北京 [苏州街] 北京拉勾网络技术有限公司 [五险一金 弹性工作 带薪年假 免费两餐] 拉勾网 500-2000人 2018-12-10 02:28:54 海淀区 本科 D轮及以上 综合职能|高级管理 企业服务,招聘 [] 全职 39.982128 116.307747 充分授权,搭建体系,赋能业务,极致的伙伴 5157070 [组织发展（OD）] 销售培训经理 15k-20k 人力资源 海淀黄庄 10号线 4号线大兴线_海淀黄庄;4号线大兴线_中关村;4号线大兴线_北京大学东门;10号线_苏州街;10号线_海淀黄庄 3-5年}
--[Debug]--2018/12/10 02:59:06 {北京 [朝外 东大桥 呼家楼] 指尖翻动（北京）科技有限公司 [扁平管理 顶尖团队 股票期权 国际化] Flipboard 50-150人 2018-12-10 01:22:59 朝阳区 本科 A轮 运营|编辑|客服类 移动互联网,文化娱乐 [] 全职 39.921635 116.452766 交通便利,氛围好,优质平台,福利好 4792783 [运营 用户] 内容合作岗位JD 8k-16k 运营 呼家楼 10号线 1号线_永安里;6号线_呼家楼;6号线_东大桥;10号线_呼家楼;10号线_金台夕照 1-3年}
--[Debug]--2018/12/10 02:59:06 {北京 [CBD 建外大街 国贸] 杭州大开眼界科技有限公司 [年底双薪 定期体检 区块链 虚拟货币] 大开眼界 15-50人 2018-12-10 01:10:58 朝阳区 本科 不需要融资 开发|测试|运维类 移动互联网,数据服务 [金融 教育 Android] 全职 39.904882 116.458885 福利好,待遇佳 5407422 [金融 教育 Android] 资深安卓工程师 30k-40k 移动前端开发 大望路 10号线 1号线_永安里;1号线_国贸;1号线_大望路;10号线_金台夕照;10号线_国贸;10号线_双井;14号线东段_大望路 1-3年}
--[Debug]--2018/12/10 02:59:06 {北京 [建国门] 武汉微思敦网络技术有限公司 [五险一金 绩效奖金 交通补助 通讯津贴] 微思敦 50-150人 2018-12-10 00:42:59 朝阳区 大专 不需要融资 市场|商务|销售类 移动互联网,广告营销 [广告营销 广告销售 商务拓展 销售顾问] 全职 39.913524 116.452731 领导nice  出国旅游 5145078 [广告营销 广告销售 商务拓展 销售顾问] 销售 10k-20k 销售 国贸 10号线 1号线_永安里;1号线_国贸;6号线_呼家楼;6号线_东大桥;10号线_呼家楼;10号线_金台夕照;10号线_国贸 1-3年}
--[Debug]--2018/12/10 02:59:06 {北京 [亚运村] 北京高域海汇科技有限公司 [""] 高域海汇 50-150人 2018-12-10 00:37:10 朝阳区 本科 不需要融资 开发|测试|运维类 移动互联网 [] 全职 116.381643 39.980434 核心业务,行业大牛,弹性作息 5015981 [NLP Flink] 爬虫工程师 10k-20k 数据开发    1-3年}
--[Debug]--2018/12/10 02:59:06 {北京 [天通苑] 北京医来伸手健康管理有限公司 [] 北京医来伸手健康管理有限公司 150-500人 2018-12-10 00:26:06 昌平区 不限 上市公司 综合职能|高级管理 医疗健康 [] 全职 40.079366 116.407001 包吃,包住,扁平化管理,月三次聚餐 5251469 [] 文员资料档案 3k-5k 行政 天通苑北 5号线 5号线_天通苑;5号线_天通苑北 不限}
--[Debug]--2018/12/10 02:59:06 {北京 [远大路 万柳 世纪城] 上海风创信息咨询有限公司 [节日礼物 年底双薪 绩效奖金 定期体检] 海风教育 2000人以上 2018-12-10 00:24:52 海淀区 本科 C轮 教育|培训 教育 [教育] 兼职 39.959912 116.298056 绩效奖金,在家办公 5407408 [教育] 兼职教师（北京） 2k-4k 教师 长春桥 10号线 10号线_车道沟;10号线_长春桥;10号线_火器营 应届毕业生}
--[Debug]--2018/12/10 02:59:06 {北京 [] 北京字节跳动科技有限公司 [扁平管理 弹性工作 大厨定制三餐 就近租房补贴] 字节跳动 2000人以上 2018-12-10 00:22:10 海淀区 本科 C轮 运营|编辑|客服类 移动互联网,数据服务 [] 全职 39.974955 39.974955 六险一金，弹性工作，免费三餐，租房补贴 5407407 [] 短视频产品运营 15k-20k 运营    1-3年}
--[Debug]--2018/12/10 02:59:06 {北京 [五道口 学院路 中关村] 北京多禾聚元科技有限公司 [年底双薪 绩效奖金 带薪年假 五险一金] 多禾聚元 15-50人 2018-12-10 00:21:04 海淀区 不限 天使轮 运营|编辑|客服类 移动互联网,社交网络 [] 全职 39.990434 116.338653 五险一金,绩效奖金,弹性时间,绩效奖金 4745924 [] 高级用户增长运营经理 15k-25k 运营 五道口 15号线 13号线_五道口;15号线_清华东路西口 3-5年}
--[Debug]--2018/12/10 02:59:06 {北京 [中关村 北京大学 知春路] 江西斜杠网络科技有限公司 [年底双薪 带薪年假 股票期权 年终分红] 妈妈应用 15-50人 2018-12-10 00:08:21 海淀区 本科 未融资 综合职能|高级管理 移动互联网,分类信息 [移动互联网 人力资源规划 领导力 创业 集团公司经营] 全职 39.98294 116.319802 寒暑假,季度旅游,双休,期权 5160241 [移动互联网 人力资源规划 领导力 创业 集团公司经营] 人力资源总监（合伙人） 10k-20k 高端综合职能职位 海淀黄庄 10号线 4号线大兴线_海淀黄庄;4号线大兴线_中关村;4号线大兴线_北京大学东门;10号线_苏州街;10号线_海淀黄庄;10号线_知春里 不限}
--[Debug]--2018/12/10 02:59:06 {北京 [牡丹园 北太平庄 健翔桥] 深圳市卡南科技有限公司 [股票期权 弹性工作 美女多 领导好] 卡南科技 50-150人 2018-12-10 00:05:44 海淀区 不限 未融资 设计类 移动互联网 [] 全职 39.98020743 116.36889962 免费零食、饮料供应、16薪 1968573 [] 资深UI设计师 20k-35k 视觉 西土城 10号线 10号线_西土城;10号线_牡丹园;10号线_健德门 3-5年}
--[Debug]--2018/12/10 02:59:06 {北京 [上地 马连洼 西二旗] 车好多旧机动车经纪(北京)有限公司 [带薪年假 弹性工作 免费班车 美女多] 瓜子二手车直卖网 2000人以上 2018-12-10 00:05:06 海淀区 本科 C轮 开发|测试|运维类 O2O [硬件制造 汽车 人工智能] 全职 40.043116 116.299936 全新业务、行业大牛 5273966 [硬件制造 汽车 人工智能] 机器人工程师 30k-50k 人工智能 西二旗 昌平线 13号线_西二旗;昌平线_西二旗 3-5年}
--[Debug]--2018/12/10 02:59:06 {北京 [] 平安健康保险股份有限公司 [] 平安健康保险 500-2000人 2018-12-10 00:00:09 朝阳区 本科 未融资 开发|测试|运维类 金融,其他 [] 实习 39.94985 116.45934 平安集团,500强 4703807 [] Android 工程师（实习生招聘） 3k-5k 移动前端开发 枣营 10号线 10号线_三元桥;10号线_亮马桥;10号线_农业展览馆;14号线东段_枣营;机场线_三元桥 不限}
--[Debug]--2018/12/10 02:59:06 {北京 [望京] 平安城市建设科技（深圳）有限公司 [节日礼物 技能培训 绩效奖金 岗位晋升] 平安城科 500-2000人 2018-12-10 00:00:05 朝阳区 本科 上市公司 产品|需求|项目类 电子商务 [企业服务 移动互联网 产品设计 需求分析 项目管理 结构设计] 全职 40.002852 116.488667 五险一金,年底双薪,绩效奖金,采暖补贴 5403626 [企业服务 移动互联网 产品设计 需求分析 项目管理 结构设计] 2911BE-产品支持岗 10k-20k 产品经理 望京东 15号线 15号线_望京东 3-5年}
--[Debug]--2018/12/10 15:30:07 A debug message here
--[Debug]--2018/12/10 15:30:55 A debug message here
--[Debug]--2018/12/10 15:30:57 {北京 [] 北京天璐网络科技有限公司 [""] 天璐 50-150人 2018-12-10 15:19:52  大专 未融资 运营|编辑|客服类 移动互联网 [] 全职   五险一金 全勤奖 餐补 节日福利 5409681 [软文 内容 医学 网站编辑] 网络编辑 6k-8k 编辑    1-3年}
--[Debug]--2018/12/10 15:30:57 {北京 [] 百度在线网络技术（北京）有限公司 [股票期权 弹性工作 五险一金 免费班车] 百度 2000人以上 2018-12-10 15:19:36  本科 不需要融资 运营|编辑|客服类 移动互联网,数据服务 [] 全职   大平台 福利多 5409678 [质检] 业务运营专员 8k-15k 审核    3-5年}
--[Debug]--2018/12/10 15:30:57 {北京 [望京 来广营 花家地] 北京亮道智能汽车技术有限公司 [""] 亮道智能汽车 50-150人 2018-12-10 15:19:26 朝阳区 本科 A轮 开发|测试|运维类 人工智能 [] 全职 39.994351 116.467109 7险一金 5404500 [数据挖掘 MongoDB MySQL] 数据分析工程师 18k-30k 数据开发 阜通 15号线 13号线_望京西;14号线东段_望京;14号线东段_阜通;15号线_望京;15号线_望京西 3-5年}
--[Debug]--2018/12/10 15:30:57 {北京 [西北旺 上地 马连洼] 车好多旧机动车经纪(北京)有限公司 [带薪年假 弹性工作 免费班车 美女多] 瓜子二手车直卖网 2000人以上 2018-12-10 15:19:08 海淀区 本科 C轮 开发|测试|运维类 O2O [汽车 新零售] 全职 40.044484 116.283741 独角兽 期权激励 优质团队 弹性工时 5367303 [汽车 新零售] 高级前端工程师/架构师 35k-60k 前端开发    5-10年}
--[Debug]--2018/12/10 15:30:57 {北京 [] 北京智合大方科技有限公司 [年终分红 带薪年假 交通补助 午餐补助] 客知音 15-50人 2018-12-10 15:18:29  大专 A轮 开发|测试|运维类 企业服务,移动互联网 [] 全职   人工智能；技术驱动；大牛带队；福利多多 5409671 [后端 平台] FreeSWITCH/VOIP（语音智能） 20k-40k 后端开发    不限}
--[Debug]--2018/12/10 15:30:57 {北京 [] 北京蓦然认知科技有限公司 [弹性工作 领导好 岗位晋升 气氛温馨] 蓦然认知科技 50-150人 2018-12-10 15:18:27 海淀区 不限 A轮 市场|商务|销售类 移动互联网 [] 全职 40.008965 116.352065 发展前景好，工作氛围好，待遇福利好。 5362941 [销售 BD] 车载商务总监 20k-40k 销售 六道口 15号线 15号线_六道口;15号线_清华东路西口 5-10年}
--[Debug]--2018/12/10 15:30:57 {北京 [五道口 清华大学 中关村] 重庆盘古美天物联网科技有限公司 [带薪年假 股票期权 午餐补助 年终奖] 重庆盘古美天物联网科技有限公司 2000人以上 2018-12-10 15:18:23 海淀区 本科 不需要融资 产品|需求|项目类 移动互联网,金融 [] 全职 39.999215 116.329927 薪酬福利；晋升空间 5335392 [产品设计 需求分析] 产品经理 10k-18k 产品经理 五道口 15号线 4号线大兴线_北京大学东门;13号线_五道口;15号线_清华东路西口 1-3年}
--[Debug]--2018/12/10 15:30:57 {北京 [] 北京优早教育科技有限公司 [绩效奖金 午餐补助 带薪年假 节日礼物] 优早 50-150人 2018-12-10 15:18:14 海淀区 本科 天使轮 教育|培训 移动互联网,教育 [教育] 兼职 39.984521 116.306712 时间灵活、不用坐班 5346729 [教育] 数学老师 4k-8k 教师 海淀黄庄 10号线 4号线大兴线_海淀黄庄;4号线大兴线_中关村;4号线大兴线_北京大学东门;10号线_苏州街;10号线_海淀黄庄 不限}
--[Debug]--2018/12/10 15:30:57 {北京 [西二旗] 北京晟软在线科技有限公司 [年底双薪 节日礼物 技能培训 绩效奖金] 道客巴巴 15-50人 2018-12-10 15:17:53 海淀区 本科 不需要融资 开发|测试|运维类 移动互联网,教育 [] 全职 40.050592 116.29376 五险一金、丰厚年终奖、年节福利、年度旅游 5348302 [Windows 算法] C/C++高级软件开发工程师 20k-40k 后端开发 西二旗 昌平线 13号线_西二旗;昌平线_西二旗 5-10年}
--[Debug]--2018/12/10 15:30:57 {北京 [潘家园 双井 劲松] 北京蒙发利贸易有限公司 [""] 蒙发利 50-150人 2018-12-10 15:17:35 朝阳区 不限 不需要融资 市场|商务|销售类 医疗健康,其他 [其他 医疗健康] 全职 39.884942 116.46236 六险一金,加班补贴,带薪年假,晋升空间 5291550 [其他 医疗健康] 销售主管/小区经理 8k-15k 高端市场|商务|销售类 广渠门外 10号线 7号线_广渠门外;10号线_双井;10号线_劲松;10号线_潘家园 1-3年}
--[Debug]--2018/12/10 15:30:57 {北京 [] 米纳移动科技（北京）有限公司 [绩效奖金 午餐补助 年底双薪 出国游] 米纳移动科技（北京）有限公司 50-150人 2018-12-10 15:17:02  本科 B轮 开发|测试|运维类 移动互联网 [] 全职   五险一金、年终奖、弹性工作制、餐补、 5409662 [技术管理 系统架构] 技术总监 30k-50k 高端技术职位    5-10年}
--[Debug]--2018/12/10 15:30:57 {北京 [北苑 奥运村 大屯] 北京优贝在线网络科技有限公司 [五险一金 带薪年假 节日礼物 管理规范] 优贝在线 150-500人 2018-12-10 15:16:58 朝阳区 本科 不需要融资 运营|编辑|客服类 移动互联网,社交网络 [] 全职 40.025162 116.419791 五险一金、年终奖、节日福利、工作居住证、 5368000 [] 产品运营（活动策划） 12k-24k 运营 北苑路北 5号线 5号线_北苑路北 3-5年}
--[Debug]--2018/12/10 15:30:57 {北京 [] 北京吧咔科技有限公司 [] News in palm 50-150人 2018-12-10 15:16:50  本科 B轮 设计类 移动互联网 [移动互联网 App设计 UE 网页] 全职   海外项目,团队大牛,零食饮料,弹性考勤 5409661 [移动互联网 App设计 UE 网页] ui设计师 10k-15k 视觉    1-3年}
--[Debug]--2018/12/10 15:30:57 {北京 [] 北京三快在线科技有限公司 [技能培训 绩效奖金 岗位晋升 领导好] 美团点评 2000人以上 2018-12-10 15:16:28 朝阳区 本科 D轮及以上 产品|需求|项目类 移动互联网,O2O [金融 金融 产品设计] 全职 0.0 0.0 六险一金 5182183 [金融 金融 产品设计] 高级支付产品经理 30k-45k 产品经理    5-10年}
--[Debug]--2018/12/10 15:30:57 {北京 [八大处 苹果园 杨庄] 随行付支付有限公司 [技能培训 节日礼物 年底双薪 股票期权] 随行付支付有限公司 500-2000人 2018-12-10 15:16:07 石景山区 本科 上市公司 开发|测试|运维类 金融 [] 全职 39.94003 116.19156 弹性工作、免费班车、大咖云集 5267550 [] 高级java开发工程师 25k-40k 后端开发    5-10年}
